2024-10-03 11:09:43: ✅ Deleted option 'edd_sl_a91bb08ca5bb8698d0159d60816137fd'
2024-10-03 11:09:43: ✅ Deleted option 'edd_sl_830b767096561f33c1e135479be4b049'
2024-10-03 11:11:23: ✅ Deleted option 'wpstg_license_status'
2024-10-03 11:11:23: ✅ Deleted option 'wpstg_settings'
2024-10-03 11:11:23: ✅ Deleted option 'wpstg_access_token'
2024-10-03 11:11:23: ✅ Deleted option 'wpstg_license_key'
2024-10-03 11:11:23: ✅ Deleted option 'wpstg_backup_schedules_report_email'
2024-10-03 11:11:23: ✅ Deleted option 'wpstg_free_install_date'
2024-10-03 11:11:23: ✅ Deleted option 'wpstgpro_install_date'
2024-10-03 11:11:23: ✅ Deleted option 'wpstg_installDate'
2024-10-03 11:11:23: ✅ Deleted option 'wpstg_free_upgrade_date'
2024-10-03 11:11:23: ✅ Deleted option 'wpstgpro_upgrade_date'
2024-10-03 11:11:23: ✅ Deleted option 'wpstg_version'
2024-10-03 11:11:23: ✅ Deleted option 'wpstgpro_version'
2024-10-03 11:11:23: ✅ Deleted option 'wpstg_default_os_color_mode'
2024-10-03 11:11:23: ✅ Deleted option 'wpstg_backup_schedules_send_error_report'
2024-10-03 11:11:23: ✅ Deleted option 'wpstg_analytics_notice_dismissed'
2024-10-03 11:11:23: ✅ Deleted option 'wpstg_analytics_modal_dismissed'
2024-10-03 11:11:23: ✅ Deleted option 'wpstg_analytics_has_consent'
2024-10-03 11:11:23: ✅ Deleted option 'wpstg_missing_cloneName_routine_executed'
2024-10-03 11:11:23: ✅ Deleted option 'wpstg_version_upgraded_from'
2024-10-03 11:11:23: ✅ Deleted option 'wpstgpro_version_upgraded_from'
2024-10-03 11:11:40: ✅ Deleted option 'wpmudev_notices'
2024-10-03 11:11:40: ✅ Deleted option 'wpmudev_recommended_plugins_registered'
2024-10-03 11:12:50: ✅ Deleted option 'wp_smush_pre_3_12_6_site'
2024-10-03 11:12:50: ✅ Deleted option 'wp_smush_pre_3_12_6_site'
2024-10-03 11:13:51: ✅ DB size: 135.61MB (yesterday: 135.54 MB).
2024-10-03 11:15:27: ✅ Deleted cron 'wdev_logger_clear_logs'
2024-10-03 11:22:19: ✅ DB size: 135.61MB (yesterday: 135.54 MB).
2024-10-03 11:30:25: ✅ Deleted option 'bcn_options'
2024-10-03 11:30:44: ✅ Deleted option 'widget_bcn_widget'
