2024-09-24 09:09:50: ✅ Deleted option 'jetpack_options'
2024-09-24 09:09:50: ✅ Deleted option 'facetwp_settings'
2024-09-24 09:09:50: ✅ Deleted option 'facetwp_settings_last_index'
2024-09-24 09:09:50: ✅ Deleted option 'facetwp_updater_response'
2024-09-24 09:09:50: ✅ Deleted option 'jetpack_active_plan'
2024-09-24 09:09:50: ✅ Deleted option 'rank-math-options-titles'
2024-09-24 09:09:50: ✅ Deleted option 'jetpack_sync_settings_taxonomies_blacklist'
2024-09-24 09:09:50: ✅ Deleted option 'jetpack_plugin_api_action_links'
2024-09-24 09:09:50: ✅ Deleted option 'rank-math-options-general'
2024-09-24 09:09:50: ✅ Deleted option 'wr2x_options'
2024-09-24 09:09:50: ✅ Deleted option 'rank-math-options-sitemap'
2024-09-24 09:09:50: ✅ Deleted option '_notification_settings_config'
2024-09-24 09:09:50: ✅ Deleted option 'newsletter_diagnostic_cron_calls'
2024-09-24 09:09:50: ✅ Deleted option 'jetpack_sync_settings_post_meta_whitelist'
2024-09-24 09:09:50: ✅ Deleted option 'fluentmail-settings'
2024-09-24 09:09:50: ✅ Deleted option 'jetpack_callables_sync_checksum'
2024-09-24 09:09:50: ✅ Deleted option 'jetpack_sync_settings_post_types_blacklist'
2024-09-24 09:09:50: ✅ Deleted option 'objectcache_flushlog'
2024-09-24 09:09:50: ✅ Deleted option 'jetpack_constants_sync_checksum'
2024-09-24 09:09:50: ✅ Deleted option 'cpac_options_post__default'
2024-09-24 09:09:50: ✅ Deleted option 'cpac_options_page__default'
2024-09-24 09:09:50: ✅ Deleted option 'ac_sorting_wp-media_default'
2024-09-24 09:09:50: ✅ Deleted option 'ac_sorting_wp-taxonomy_category_default'
2024-09-24 09:09:50: ✅ Deleted option 'acp_subscription_details'
2024-09-24 09:09:50: ✅ Deleted option 'ac_sorting_post_default'
2024-09-24 09:10:01: ✅ Deleted option 'acp_update_plugins_data'
2024-09-24 09:10:01: ✅ Deleted option 'newsletter_main'
2024-09-24 09:10:01: ✅ Deleted option 'jetpack_sync_settings_full_sync_limits'
2024-09-24 09:10:01: ✅ Deleted option 'cpac_options_wp-media__default'
2024-09-24 09:10:01: ✅ Deleted option 'newsletter_news'
2024-09-24 09:10:01: ✅ Deleted option 'theme_mods_twentytwentyfour'
2024-09-24 09:10:01: ✅ Deleted option 'newsletter_form'
2024-09-24 09:10:01: ✅ Deleted option 'ac_sorting_wp-users_default'
2024-09-24 09:10:01: ✅ Deleted option 'jetpack_sync_settings_known_importers'
2024-09-24 09:10:01: ✅ Deleted option 'rta_image_process'
2024-09-24 09:10:01: ✅ Deleted option 'jetpack_private_options'
2024-09-24 09:10:01: ✅ Deleted option 'rta_image_sizes'
2024-09-24 09:10:01: ✅ Deleted option 'cpac_options_wp-users__default'
2024-09-24 09:10:01: ✅ Deleted option 'cpac_options_wp-comments__default'
2024-09-24 09:10:01: ✅ Deleted option 'themeisle_sdk_notifications'
2024-09-24 09:10:01: ✅ Deleted option 'cpac_options_wp_block__default'
2024-09-24 09:10:01: ✅ Deleted option 'cpac_options_wp-taxonomy_category__default'
2024-09-24 09:10:01: ✅ Deleted option 'cpac_options_wp-taxonomy_post_tag__default'
2024-09-24 09:10:01: ✅ Deleted option 'rank-math-options-instant-indexing'
2024-09-24 09:10:01: ✅ Deleted option 'jetpack_connection_active_plugins'
2024-09-24 09:10:01: ✅ Deleted option 'integromat_api_options_taxonomy'
2024-09-24 09:10:01: ✅ Deleted option 'jetpack_updates_sync_checksum'
2024-09-24 09:10:01: ✅ Deleted option 'dlm_no_access_error'
2024-09-24 09:10:01: ✅ Deleted option 'jetpack_sync_settings_comment_meta_whitelist'
2024-09-24 09:10:01: ✅ Deleted option 'jetpack_sync_https_history_home_url'
2024-09-24 09:10:09: ✅ Deleted option 'jetpack_sync_https_history_site_url'
2024-09-24 09:10:09: ✅ Deleted option 'jetpack_sync_https_history_main_network_site_url'
2024-09-24 09:10:10: ✅ Deleted option 'jetpack_sync_health_status'
2024-09-24 09:10:10: ✅ Deleted option 'jetpack_package_versions'
2024-09-24 09:10:10: ✅ Deleted option 'facetwp_activation'
2024-09-24 09:10:10: ✅ Deleted option 'newsletter_statistics'
2024-09-24 09:10:10: ✅ Deleted option 'download_monitor_wisdom_block_notice'
2024-09-24 09:10:10: ✅ Deleted option 'newsletter_dismissed'
2024-09-24 09:10:10: ✅ Deleted option 'download_monitor_wisdom_notification_times'
2024-09-24 09:10:10: ✅ Deleted option '_acp_access_permissions'
2024-09-24 09:10:10: ✅ Deleted option 'acp_activation_key'
2024-09-24 09:10:10: ✅ Deleted option 'acp_subscription_details_key'
2024-09-24 09:10:10: ✅ Deleted option 'iwc_api_key'
2024-09-24 09:10:10: ✅ Deleted option '_notification_settings_hash'
2024-09-24 09:10:10: ✅ Deleted option 'widget_wpp'
2024-09-24 09:10:10: ✅ Deleted option 'widget_akismet_widget'
2024-09-24 09:10:10: ✅ Deleted option 'jetpack_active_modules'
2024-09-24 09:10:10: ✅ Deleted option 'dlm_settings_tab_saved'
2024-09-24 09:10:10: ✅ Deleted option 'dlm_ip_blacklist'
2024-09-24 09:10:10: ✅ Deleted option 'wordpress_api_key'
2024-09-24 09:10:10: ✅ Deleted option 'acp_periodic_update_plugins_check'
2024-09-24 09:10:10: ✅ Deleted option 'facetwp_last_indexed'
2024-09-24 09:10:10: ✅ Deleted option 'facetwp_updater_last_checked'
2024-09-24 09:10:10: ✅ Deleted option 'wr2x_rating_date'
2024-09-24 09:10:10: ✅ Deleted option 'jetpack_next_sync_time_sync'
2024-09-24 09:10:59: ✅ Deleted option 'newsletter_install_time'
2024-09-24 09:10:59: ✅ Deleted option 'newsletter_news_updated'
2024-09-24 09:10:59: ✅ Deleted option 'ac-deprecated-message-count_timestamp'
2024-09-24 09:10:59: ✅ Deleted option 'acp_periodic_update_plugins_check_hourly'
2024-09-24 09:10:59: ✅ Deleted option 'acp_periodic_license_check'
2024-09-24 09:10:59: ✅ Deleted option 'dlm_user_agent_blacklist'
2024-09-24 09:10:59: ✅ Deleted option 'dlm_download_endpoint'
2024-09-24 09:10:59: ✅ Deleted option 'newsletter_logger_secret'
2024-09-24 09:10:59: ✅ Deleted option 'jetpack_secrets'
2024-09-24 09:10:59: ✅ Deleted option 'dlm_product_errors'
2024-09-24 09:10:59: ✅ Deleted option 'jetpack_sync_settings_dequeue_max_bytes'
2024-09-24 09:10:59: ✅ Deleted option 'jetpack_sync_settings_upload_max_bytes'
2024-09-24 09:10:59: ✅ Deleted option 'dlm_default_template'
2024-09-24 09:10:59: ✅ Deleted option 'newsletter_diagnostic_send_calls'
2024-09-24 09:10:59: ✅ Deleted option 'jetpack_site_products'
2024-09-24 09:10:59: ✅ Deleted option 'acp_version'
2024-09-24 09:10:59: ✅ Deleted option 'dlm_no_access_page'
2024-09-24 09:10:59: ✅ Deleted option 'akismet_spam_count'
2024-09-24 09:10:59: ✅ Deleted option 'facetwp_version'
2024-09-24 09:10:59: ✅ Deleted option 'newsletter_version'
2024-09-24 09:10:59: ✅ Deleted option 'ac_version'
2024-09-24 09:10:59: ✅ Deleted option 'dlm_download_endpoint_value'
2024-09-24 09:10:59: ✅ Deleted option 'dlm_logging_ip_type'
2024-09-24 09:10:59: ✅ Deleted option 'jetpack_sync_settings_max_queue_size'
2024-09-24 09:10:59: ✅ Deleted option 'jetpack_sync_settings_max_queue_lag'
2024-09-24 09:11:07: ✅ Deleted option 'jetpack_sync_settings_max_queue_size_full_sync'
2024-09-24 09:11:07: ✅ Deleted option 'akismet_comment_form_privacy_notice'
2024-09-24 09:11:07: ✅ Deleted option 'jetpack_sync_settings_upload_max_rows'
2024-09-24 09:11:07: ✅ Deleted option 'jetpack_sync_settings_queue_max_writes_sec'
2024-09-24 09:11:07: ✅ Deleted option 'jetpack_sync_settings_max_enqueue_full_sync'
2024-09-24 09:11:07: ✅ Deleted option 'jetpack_sync_settings_cron_sync_time_limit'
2024-09-24 09:11:07: ✅ Deleted option 'jetpack_sync_settings_term_relationships_full_sync_item_size'
2024-09-24 09:11:07: ✅ Deleted option 'facetwp_indexing_cancelled'
2024-09-24 09:11:07: ✅ Deleted option 'jetpack_sync_settings_sync_wait_time'
2024-09-24 09:11:07: ✅ Deleted option 'jetpack_sync_settings_sync_wait_threshold'
2024-09-24 09:11:07: ✅ Deleted option 'dlm_custom_template'
2024-09-24 09:11:07: ✅ Deleted option 'wp_calendar_block_has_published_posts'
2024-09-24 09:11:07: ✅ Deleted option 'dlm_xsendfile_enabled'
2024-09-24 09:11:07: ✅ Deleted option 'dlm_hotlink_protection_enabled'
2024-09-24 09:11:07: ✅ Deleted option 'dlm_enable_logging'
2024-09-24 09:11:07: ✅ Deleted option 'dlm_logging_ua'
2024-09-24 09:11:07: ✅ Deleted option 'jetpack_sync_settings_disable'
2024-09-24 09:11:07: ✅ Deleted option 'jetpack_tos_agreed'
2024-09-24 09:11:07: ✅ Deleted option 'jetpack_sync_settings_enqueue_wait_time'
2024-09-24 09:11:07: ✅ Deleted option 'jetpack_sync_settings_dedicated_sync_enabled'
2024-09-24 09:11:07: ✅ Deleted option 'jetpack_sync_settings_render_filtered_content'
2024-09-24 09:11:07: ✅ Deleted option 'jetpack_sync_settings_sync_via_cron'
2024-09-24 09:11:07: ✅ Deleted option 'jetpack_sync_settings_sync_sender_enabled'
2024-09-24 09:11:07: ✅ Deleted option 'jetpack_sync_settings_full_sync_sender_enabled'
2024-09-24 09:11:07: ✅ Deleted option 'jetpack_sync_settings_full_sync_send_duration'
2024-09-24 09:11:19: ✅ Deleted option 'jetpack_sync_settings_checksum_disable'
2024-09-24 09:11:19: ✅ Deleted option 'dlm_log_admin_download_count'
2024-09-24 09:11:19: ✅ Deleted option 'akismet_strictness'
2024-09-24 09:11:19: ✅ Deleted option 'akismet_show_user_comments_approved'
2024-09-24 09:11:19: ✅ Deleted option 'wp_attachment_pages_enabled'
2024-09-24 09:11:19: ✅ Deleted option 'newsletter_stats_email_column_upgraded'
2024-09-24 09:11:19: ✅ Deleted option 'ac-deprecated-message-count'
2024-09-24 09:11:19: ✅ Deleted option 'facetwp_license'
2024-09-24 09:11:19: ✅ Deleted option 'dlm_allow_x_forwarded_for'
2024-09-24 09:11:19: ✅ Deleted option 'dlm_wp_search_enabled'
2024-09-24 09:11:19: ✅ Deleted option 'dlm_count_unique_ips'
2024-09-24 09:11:19: ✅ Deleted option 'dlm_downloads_path'
2024-09-24 09:11:19: ✅ Deleted option 'facetwp_indexing'
2024-09-24 09:11:19: ✅ Deleted option 'facetwp_transients'
2024-09-24 09:11:46: ✅ Deleted option 'html_template'
2024-09-24 09:11:46: ✅ Deleted option 'simply-static'
2024-09-24 09:11:46: ✅ Deleted option 'acf_site_health'
2024-09-24 09:11:46: ✅ Deleted option 'jp_sync_error_log_sync'
2024-09-24 09:11:46: ✅ Deleted option 'newsletter_backup_8.4.9'
2024-09-24 09:11:46: ✅ Deleted option 'newsletter_backup_8.4.2'
2024-09-24 09:11:46: ✅ Deleted option 'newsletter_backup_8.2.7'
2024-09-24 09:11:46: ✅ Deleted option 'newsletter_backup_8.2.5'
2024-09-24 09:11:46: ✅ Deleted option 'newsletter_backup_8.2.3'
2024-09-24 09:11:46: ✅ Deleted option 'dlm_download_category_children'
2024-09-24 09:11:46: ✅ Deleted option 'quran_category_children'
2024-09-24 09:11:46: ✅ Deleted option 'wp-phpmyadmin-extension'
2024-09-24 09:11:46: ✅ Deleted option 'yoast_comment_hacks'
2024-09-24 09:11:46: ✅ Deleted option 'eg_accesstoken'
2024-09-24 09:11:46: ✅ Deleted option 'convert_plug_settings'
2024-09-24 09:11:46: ✅ Deleted option 'wd_2auth_settings'
2024-09-24 09:11:46: ✅ Deleted option 'kitab_children'
2024-09-24 09:11:47: ✅ Deleted option 'notification_triggers'
2024-09-24 09:11:47: ✅ Deleted option 'jpsq_sync-1715245751.389323-605145-5'
2024-09-24 09:11:47: ✅ Deleted option 'cpac_options_tata_bahasa_arab__default'
2024-09-24 09:11:47: ✅ Deleted option 'cpac_options_quran__default'
2024-09-24 09:11:47: ✅ Deleted option 'cpac_options_hadits__default'
2024-09-24 09:11:47: ✅ Deleted option 'wd_user_agent_settings'
2024-09-24 09:11:47: ✅ Deleted option 'dlm_access_token'
2024-09-24 09:11:47: ✅ Deleted option 'wdev-frash'
2024-09-24 09:12:03: ✅ Deleted option 'ac_sorting_wp-taxonomy_post_series_default'
2024-09-24 09:12:03: ✅ Deleted option 'jetpack_sync_full_status'
2024-09-24 09:12:03: ✅ Deleted option 'wpmdb_settings'
2024-09-24 09:12:03: ✅ Deleted option 'illegal_names'
2024-09-24 09:12:03: ✅ Deleted option 'wbcr_inp_cache_options'
2024-09-24 09:12:03: ✅ Deleted option 'ghu_update_data'
2024-09-24 09:12:03: ✅ Deleted option 'ac_sorting_quran_default'
2024-09-24 09:12:03: ✅ Deleted option 'ac_sorting_notification_default'
2024-09-24 09:12:03: ✅ Deleted option 'ac_sorting_acf-post-type_default'
2024-09-24 09:12:03: ✅ Deleted option 'cpac_options_notification__default'
2024-09-24 09:12:03: ✅ Deleted option 'hardener_settings'
2024-09-24 09:12:03: ✅ Deleted option 'jb_transient_jetpack_boost_speed_scores_05b2ed758ecb60c5e51293737763cea3'
2024-09-24 09:12:03: ✅ Deleted option 'wd_notfound_lockout_settings'
2024-09-24 09:12:03: ✅ Deleted option 'fcm_setting'
2024-09-24 09:12:03: ✅ Deleted option 'cpac_options_acf-taxonomy__default'
2024-09-24 09:12:03: ✅ Deleted option 'cpac_options_acf-post-type__default'
2024-09-24 09:12:03: ✅ Deleted option 'notification_carriers'
2024-09-24 09:12:03: ✅ Deleted option '_ac_colors_colors'
2024-09-24 09:12:03: ✅ Deleted option 'wd_login_lockout_settings'
2024-09-24 09:12:03: ✅ Deleted option 'cpac_options_wp-taxonomy_post_series__default'
2024-09-24 09:12:03: ✅ Deleted option 'wd_lockdown_settings'
2024-09-24 09:12:03: ✅ Deleted option 'wd_blacklist_lockout_settings'
2024-09-24 09:12:03: ✅ Deleted option 'wd_scan_settings'
2024-09-24 09:12:03: ✅ Deleted option 'afs_settings'
2024-09-24 09:12:03: ✅ Deleted option 'notification_debugging'
2024-09-24 09:12:28: ✅ Deleted option 'widget_upcoming_events_widget'
2024-09-24 09:12:28: ✅ Deleted option 'prevent_image_sizes'
2024-09-24 09:12:28: ✅ Deleted option 'fs_clone_management'
2024-09-24 09:12:28: ✅ Deleted option 'cpac_options_wp-taxonomy_wp_pattern_category__default'
2024-09-24 09:12:28: ✅ Deleted option 'cpac_options_wp-taxonomy_tba_category__default'
2024-09-24 09:12:28: ✅ Deleted option 'cpac_options_wp-taxonomy_quran_category__default'
2024-09-24 09:12:28: ✅ Deleted option 'cpac_options_wp-taxonomy_kitab__default'
2024-09-24 09:12:28: ✅ Deleted option 'autodescription-site-cache'
2024-09-24 09:12:28: ✅ Deleted option 'jetpack_boost_speed_score_history_05b2ed758ecb60c5e51293737763cea3'
2024-09-24 09:12:28: ✅ Deleted option '__plugins_cache_244'
2024-09-24 09:12:28: ✅ Deleted option 'ac_list_screens_order'
2024-09-24 09:12:28: ✅ Deleted option 'newsletter_users_search'
2024-09-24 09:12:28: ✅ Deleted option 'trusted_ip_header'
2024-09-24 09:12:28: ✅ Deleted option 'redux_builder_amp-transients'
2024-09-24 09:12:28: ✅ Deleted option 'dlm_db_upgraded'
2024-09-24 09:12:28: ✅ Deleted option 'pmdm_selected_post_types'
2024-09-24 09:12:28: ✅ Deleted option 'external_updates-sap'
2024-09-24 09:12:28: ✅ Deleted option 'jetpack_sync_full__params'
2024-09-24 09:12:28: ✅ Deleted option 'envato_market'
2024-09-24 09:12:28: ✅ Deleted option 'dlm_google_drive_client_id'
2024-09-24 09:12:28: ✅ Deleted option 'bp-pages'
2024-09-24 09:12:28: ✅ Deleted option 'newsletter_status'
2024-09-24 09:12:28: ✅ Deleted option 'secret_key'
2024-09-24 09:12:28: ✅ Deleted option 'wpak_hash_key'
2024-09-24 09:13:54: ✅ Deleted option 'themeisle_sdk_promotions'
2024-09-24 09:13:54: ✅ Deleted option 'wbcr_inp_first_activation'
2024-09-24 09:13:54: ✅ Deleted option 'wp_debugging_restore'
2024-09-24 09:13:54: ✅ Deleted option 'duplicate_post_show_link'
2024-09-24 09:13:54: ✅ Deleted option 'dlm_en_fields'
2024-09-24 09:13:54: ✅ Deleted option 'pmdm_selected_taxonomies'
2024-09-24 09:13:54: ✅ Deleted option 'iawp_request_payload_salt'
2024-09-24 09:13:54: ✅ Deleted option 'iawp_salt'
2024-09-24 09:13:54: ✅ Deleted option 'iawp_migration_error_original_error_message'
2024-09-24 09:13:54: ✅ Deleted option 'widget_blog-stats'
2024-09-24 09:13:54: ✅ Deleted option 'dlm_google_drive_client_secret'
2024-09-24 09:13:54: ✅ Deleted option 'wc_hash_key'
2024-09-24 09:13:54: ✅ Deleted option 'widget_related-posts-by-taxonomy'
2024-09-24 09:13:54: ✅ Deleted option 'widget_bcn_widget'
2024-09-24 09:13:54: ✅ Deleted option 'widget_newsletterwidget'
2024-09-24 09:13:54: ✅ Deleted option 'widget_newsletterwidgetminimal'
2024-09-24 09:13:54: ✅ Deleted option 'widget_dlm_widget_downloads'
2024-09-24 09:13:54: ✅ Deleted option 'wp_debugging'
2024-09-24 09:13:54: ✅ Deleted option 'iawp_last_updated_post_type_cache'
2024-09-24 09:13:54: ✅ Deleted option 'wp_archive_creation_job_batch_14c544341ee820a2cba1b1701724720d'
2024-09-24 09:13:54: ✅ Deleted option 'pnfw_enabled_post_types'
2024-09-24 09:13:54: ✅ Deleted option 'Activated_phoenix_media_rename'
2024-09-24 09:13:54: ✅ Deleted option 'iawp_geo_database_download_last_attempted_at'
2024-09-24 09:13:54: ✅ Deleted option 'post_series_children'
2024-09-24 09:14:29: ✅ Deleted option 'widget_bcn_widget'
2024-09-24 09:14:29: ✅ Deleted option 'iawp_beginning_of_time'
2024-09-24 09:14:29: ✅ Deleted option 'cmicpt-data'
2024-09-24 09:14:29: ✅ Deleted option 'task'
2024-09-24 09:14:29: ✅ Deleted option 'jp_sync_last_success_sync'
2024-09-24 09:14:29: ✅ Deleted option 'jp_sync_last_success_immediate-send'
2024-09-24 09:14:29: ✅ Deleted option 'jp_sync_lock_full_sync_enqueue'
2024-09-24 09:14:29: ✅ Deleted option 'jetpack_sync_dedicated_spawn_lock'
2024-09-24 09:14:29: ✅ Deleted option 'newsletter_public_page_check'
2024-09-24 09:14:29: ✅ Deleted option 'plugin_last_upgraded_date_facetwp'
2024-09-24 09:14:29: ✅ Deleted option 'bsf_local_transient'
2024-09-24 09:14:29: ✅ Deleted option 'ghu_last_checked'
2024-09-24 09:14:29: ✅ Deleted option 'download-monitor-rate-time'
2024-09-24 09:14:29: ✅ Deleted option 'plugin_last_upgraded_date_imagify'
2024-09-24 09:14:29: ✅ Deleted option 'plugin_last_upgraded_date_jetpack'
2024-09-24 09:14:29: ✅ Deleted option 'plugin_last_upgraded_date_matomo'
2024-09-24 09:14:29: ✅ Deleted option 'time_activated'
2024-09-24 09:14:29: ✅ Deleted option 'dismissed_general_notices_until'
2024-09-24 09:14:29: ✅ Deleted option 'dismissed_season_notices_until'
2024-09-24 09:14:29: ✅ Deleted option 'plugin_last_upgraded_date_ga-in'
2024-09-24 09:14:29: ✅ Deleted option 'jetpack_next_sync_time_full-sync-enqueue'
2024-09-24 09:14:29: ✅ Deleted option 'wpmdb_settings'
2024-09-24 09:15:06: ✅ Deleted option 'tba_category_children'
2024-09-24 09:15:43: ✅ Deleted option 'quran_category_children'
2024-09-24 09:15:43: ✅ Deleted option 'wpmdb_settings'
2024-09-24 09:15:43: ✅ Deleted option 'widget_related-posts-by-taxonomy'
2024-09-24 09:15:43: ✅ Deleted option 'widget_bcn_widget'
2024-09-24 09:15:43: ✅ Deleted option 'tafsir_structure'
2024-09-24 09:15:43: ✅ Deleted option 'plugin_last_upgraded_date_wp-sweep'
2024-09-24 09:15:43: ✅ Deleted option 'wbcr_inp_plugin_activated'
2024-09-24 09:15:43: ✅ Deleted option 'plugin_last_upgraded_date_10629'
2024-09-24 09:15:43: ✅ Deleted option '_wpallexport_session_expires_1_'
2024-09-24 09:15:43: ✅ Deleted option 'plugin_last_upgraded_date_12839'
2024-09-24 09:15:43: ✅ Deleted option 'wp_cloudflare_page_cache_install'
2024-09-24 09:15:43: ✅ Deleted option 'plugin_last_upgraded_date_akismet'
2024-09-24 09:15:43: ✅ Deleted option 'jetpack_nonce_1719883462_IVaHT17Mbm'
2024-09-24 09:15:43: ✅ Deleted option 'jetpack_nonce_1719883473_8Pun4dJvnT'
2024-09-24 09:15:43: ✅ Deleted option 'plugin_last_upgraded_date_5166'
2024-09-24 09:15:43: ✅ Deleted option 'plugin_last_upgraded_date_12828'
2024-09-24 09:15:43: ✅ Deleted option 'ml_user_sitetype'
2024-09-24 09:15:43: ✅ Deleted option 'jetpack_persistent_blog_id'
2024-09-24 09:15:43: ✅ Deleted option 'wp-phpmyadmin-extension_transl_lastvers'
2024-09-24 09:15:43: ✅ Deleted option 'cuf_options'
2024-09-24 09:15:43: ✅ Deleted option '_nxsUSL'
2024-09-24 09:15:43: ✅ Deleted option 'ml_user_site'
2024-09-24 09:15:43: ✅ Deleted option 'wc_options'
2024-09-24 09:15:43: ✅ Deleted option 'messaging_version'
2024-09-24 09:15:43: ✅ Deleted option 'plugin_last_upgraded_version_10629'
2024-09-24 09:16:05: ✅ Deleted option 'tba_category_children'
2024-09-24 09:16:05: ✅ Deleted option 'autodescription-site-cache'
2024-09-24 09:16:05: ✅ Deleted option 'widget_related-posts-by-taxonomy'
2024-09-24 09:16:05: ✅ Deleted option 'widget_bcn_widget'
2024-09-24 09:16:05: ✅ Deleted option 'fs_cache_9944'
2024-09-24 09:16:05: ✅ Deleted option 'dlm_default_gateway'
2024-09-24 09:16:05: ✅ Deleted option 'gadwp_version'
2024-09-24 09:16:05: ✅ Deleted option 'vc_version'
2024-09-24 09:16:05: ✅ Deleted option 'ml_user_name'
2024-09-24 09:16:05: ✅ Deleted option 'dlm_current_version'
2024-09-24 09:16:05: ✅ Deleted option 'ssp-build_children'
2024-09-24 09:16:05: ✅ Deleted option 'sf-fields'
2024-09-24 09:16:05: ✅ Deleted option '_image-sizes_notices'
2024-09-24 09:16:05: ✅ Deleted option 'plugin_last_upgraded_version_5166'
2024-09-24 09:16:05: ✅ Deleted option 'ultimate_google_fonts'
2024-09-24 09:16:05: ✅ Deleted option 'cp_previous_version'
2024-09-24 09:16:05: ✅ Deleted option 'lcp_pagination'
2024-09-24 09:16:05: ✅ Deleted option 'rcl_db_version'
2024-09-24 09:16:05: ✅ Deleted option 'dlm_page_cart'
2024-09-24 09:16:05: ✅ Deleted option 'dlm_page_checkout'
2024-09-24 09:16:05: ✅ Deleted option 'acf_first_activated_version'
2024-09-24 09:16:05: ✅ Deleted option 'iawp_last_update_viewed'
2024-09-24 09:16:05: ✅ Deleted option 'section'
2024-09-24 09:16:05: ✅ Deleted option 'plugin_last_upgraded_version_ga-in'
2024-09-24 09:16:05: ✅ Deleted option 'postman_db_version'
2024-09-24 09:16:25: ✅ Deleted option '_bp_db_version'
2024-09-24 09:16:25: ✅ Deleted option 'wbcr_inp_plugin_version'
2024-09-24 09:16:25: ✅ Deleted option 'plugin_last_upgraded_version_12839'
2024-09-24 09:16:25: ✅ Deleted option 'total_initial_version'
2024-09-24 09:16:25: ✅ Deleted option 'searchandfilter_version'
2024-09-24 09:16:25: ✅ Deleted option 'pmr_update_db_table'
2024-09-24 09:16:25: ✅ Deleted option 'facetwp_cache_version'
2024-09-24 09:16:25: ✅ Deleted option 'wpak_version'
2024-09-24 09:16:25: ✅ Deleted option 'plugin_last_upgraded_version_12828'
2024-09-24 09:16:25: ✅ Deleted option '_ac_colors_shipped_colors_version'
2024-09-24 09:16:25: ✅ Deleted option 'dlm_currency_pos'
2024-09-24 09:16:25: ✅ Deleted option 'post_by_email_address381'
2024-09-24 09:16:25: ✅ Deleted option 'ml_user_apptype'
2024-09-24 09:16:25: ✅ Deleted option 'iwc-logging-enabled'
2024-09-24 09:16:25: ✅ Deleted option 'geo_post_types'
2024-09-24 09:16:25: ✅ Deleted option 'jpsq_sync_checkout'
2024-09-24 09:16:25: ✅ Deleted option 'dlm_currency'
2024-09-24 09:16:25: ✅ Deleted option 'lepingo'
2024-09-24 09:16:25: ✅ Deleted option 'deactivate_checkbox'
2024-09-24 09:16:25: ✅ Deleted option 'dlm_en_type'
2024-09-24 09:16:25: ✅ Deleted option 'total_version'
2024-09-24 09:16:25: ✅ Deleted option 'json_api_base'
2024-09-24 09:16:25: ✅ Deleted option 'dlm_base_country'
2024-09-24 09:16:47: ✅ Deleted option 'pnfw_posts_per_page'
2024-09-24 09:16:47: ✅ Deleted option 'iawp_db_version'
2024-09-24 09:16:47: ✅ Deleted option 'wp_cloudflare_page_cache_logger_flag'
2024-09-24 09:16:47: ✅ Deleted option 'wp_cloudflare_page_cache_review_flag'
2024-09-24 09:16:47: ✅ Deleted option 'base64_max_size'
2024-09-24 09:16:47: ✅ Deleted option 'appplog'
2024-09-24 09:16:47: ✅ Deleted option 'dlm_hide_notice-extension-dlm-page-addon'
2024-09-24 09:16:47: ✅ Deleted option 'gaplus_ver'
2024-09-24 09:16:47: ✅ Deleted option 'dlm_hide_notice-extension-dlm-csv-exporter'
2024-09-24 09:16:47: ✅ Deleted option 'modify_html_email'
2024-09-24 09:16:47: ✅ Deleted option 'higher-lat'
2024-09-24 09:16:47: ✅ Deleted option 'calc-method'
2024-09-24 09:16:47: ✅ Deleted option 'asr-method'
2024-09-24 09:16:47: ✅ Deleted option 'download-monitor-hide-beta-notice'
2024-09-24 09:16:47: ✅ Deleted option 'dlm_decimal_separator'
2024-09-24 09:16:47: ✅ Deleted option 'dlm_thousand_separator'
2024-09-24 09:16:47: ✅ Deleted option 'dlm_gateway_paypal_enabled'
2024-09-24 09:16:47: ✅ Deleted option 'wd_show_ip_detection_cf_notice'
2024-09-24 09:16:47: ✅ Deleted option 'wd_nofresh_install'
2024-09-24 09:16:47: ✅ Deleted option 'dlm_gateway_paypal_sandbox_enabled'
2024-09-24 09:16:47: ✅ Deleted option 'iawp_white_label'
2024-09-24 09:16:47: ✅ Deleted option 'iawp_dark_mode'
2024-09-24 09:17:00: ✅ Deleted option 'dlm_gateway_test_enabled'
2024-09-24 09:17:00: ✅ Deleted option 'wd_dismiss_ip_detection_cf_notice'
2024-09-24 09:17:00: ✅ Deleted option 'image-sizes_survey_agreed'
2024-09-24 09:17:00: ✅ Deleted option 'image-sizes_survey'
2024-09-24 09:17:00: ✅ Deleted option 'dlm_lu_needs_upgrading'
2024-09-24 09:17:00: ✅ Deleted option 'dlm_no_access_modal'
2024-09-24 09:17:00: ✅ Deleted option 'dlm_enable_window_logging'
2024-09-24 09:17:00: ✅ Deleted option 'iawp_is_migrating'
2024-09-24 09:17:00: ✅ Deleted option 'wd_show_feature_quarantine'
2024-09-24 09:17:00: ✅ Deleted option 'iawp_attempted_to_delete_mu_plugin'
2024-09-24 09:17:00: ✅ Deleted option 'iawp_is_database_downloading'
2024-09-24 09:17:00: ✅ Deleted option 'ml_activation_tracked'
2024-09-24 09:17:01: ✅ Deleted option 'dlm_hide_notice-nginx_rules'
2024-09-24 09:17:01: ✅ Deleted option 'jetpack_sync_settings_custom_queue_table_enabled'
2024-09-24 09:17:01: ✅ Deleted option 'wd_show_feature_global_ip'
2024-09-24 09:17:01: ✅ Deleted option 'download-monitor_wisdom_tracking'
2024-09-24 09:17:01: ✅ Deleted option 'perfmatters_close_cta'
2024-09-24 09:17:01: ✅ Deleted option 'wp-smush-keep_exif'
2024-09-24 09:17:01: ✅ Deleted option 'jetpack_sync_settings_wpcom_rest_api_enabled'
2024-09-24 09:17:01: ✅ Deleted option 'iawp_view_counter_enable'
2024-09-24 09:17:01: ✅ Deleted option 'heatMapEnabled'
2024-09-24 09:17:01: ✅ Deleted option 'dlm_hide_notice-extension-dlm-csv-importer'
2024-09-24 09:17:19: ✅ Deleted option 'do_activate'
2024-09-24 09:17:19: ✅ Deleted option 'wp-smush-skip-redirect'
2024-09-24 09:17:19: ✅ Deleted option 'dlm_hide_notice-extension-dlm-google-drive'
2024-09-24 09:17:19: ✅ Deleted option 'dlm_hide_notice-onboarding'
2024-09-24 09:17:19: ✅ Deleted option 'jetpack-social_show_pricing_page'
2024-09-24 09:17:19: ✅ Deleted option 'count_wpsp'
2024-09-24 09:17:19: ✅ Deleted option 'rocket_cache_dir_size_check'
2024-09-24 09:17:19: ✅ Deleted option 'newsletter_lock_engine'
2024-09-24 09:17:19: ✅ Deleted option 'dismiss_dash_app_card'
2024-09-24 09:17:19: ✅ Deleted option 'image-sizes_regened'
2024-09-24 09:17:19: ✅ Deleted option 'image-sizes_version'
2024-09-24 09:17:19: ✅ Deleted option 'cp_is_new_user'
2024-09-24 09:17:19: ✅ Deleted option 'vecb_access_Editor'
2024-09-24 09:17:19: ✅ Deleted option 'htmlemail_settings'
2024-09-24 09:17:19: ✅ Deleted option 'vecb_access_SEO Manager'
2024-09-24 09:17:19: ✅ Deleted option 'fajr-angle'
2024-09-24 09:17:19: ✅ Deleted option 'vecb_access_SEO Editor'
2024-09-24 09:17:19: ✅ Deleted option 'wpcom_publish_comments_with_markdown'
2024-09-24 09:17:19: ✅ Deleted option 'isha-angle'
2024-09-24 09:17:19: ✅ Deleted option 'dlm_hash_desc'
2024-09-24 09:17:19: ✅ Deleted option 'dlm_authorized_javascript'
2024-09-24 09:17:19: ✅ Deleted option 'dlm_redirect_uri'
2024-09-24 09:17:31: ✅ Deleted option 'dlm_disable_cart'
2024-09-24 09:17:31: ✅ Deleted option 'dlm_gateway_paypal_invoice_prefix'
2024-09-24 09:17:31: ✅ Deleted option 'dlm_gateway_paypal_client_id'
2024-09-24 09:17:31: ✅ Deleted option 'dlm_gateway_paypal_client_secret'
2024-09-24 09:17:31: ✅ Deleted option 'dlm_gateway_paypal_sandbox_client_id'
2024-09-24 09:17:31: ✅ Deleted option 'dlm_gateway_paypal_sandbox_client_secret'
2024-09-24 09:17:31: ✅ Deleted option 'dlm_clear_transients'
2024-09-24 09:17:31: ✅ Deleted option 'dlm_generate_hash_md5'
2024-09-24 09:17:31: ✅ Deleted option 'dlm_generate_hash_sha1'
2024-09-24 09:17:31: ✅ Deleted option 'dlm_generate_hash_sha256'
2024-09-24 09:17:31: ✅ Deleted option 'dlm_generate_hash_crc32b'
2024-09-24 09:17:31: ✅ Deleted option 'iawp_need_clear_cache'
2024-09-24 09:17:31: ✅ Deleted option 'infV_pop'
2024-09-24 09:17:31: ✅ Deleted option 'dlm_shop_enabled'
2024-09-24 09:17:31: ✅ Deleted option 'jp_sync_lock_full_sync'
2024-09-24 09:17:31: ✅ Deleted option 'infinite_scroll_google_analytics'
2024-09-24 09:17:31: ✅ Deleted option 'w3tc_request_data'
2024-09-24 09:17:31: ✅ Deleted option 'login_page_design'
2024-09-24 09:17:31: ✅ Deleted option 'jp_sync_retry_after_sync'
2024-09-24 09:17:31: ✅ Deleted option 'duplicate_post_show_original_column'
2024-09-24 09:17:31: ✅ Deleted option 'duplicate_post_show_original_in_post_states'
2024-09-24 09:17:31: ✅ Deleted option 'duplicate_post_show_original_meta_box'
2024-09-24 09:17:40: ✅ Deleted option 'dlm_turn_off_file_browser'
2024-09-24 09:17:40: ✅ Deleted option 'theme_switched_via_customizer'
2024-09-24 09:17:40: ✅ Deleted option 'facetwp_indexing_data'
2024-09-24 09:17:40: ✅ Deleted option 'convert_plug_redirect'
